<?xml version="1.0" encoding="UTF-8"?>
<!-- Generated by org.testng.reporters.JUnitReportReporter -->
<testsuite hostname="MX-IT01127" name="assured1.assured_test.AssuredTests" tests="4" failures="0" timestamp="5 Apr 2018 17:50:35 GMT" time="3.968" errors="0">
  <testcase name="specificdata" time="0.973" classname="assured1.assured_test.AssuredTests"/>
  <testcase name="responses200" time="1.265" classname="assured1.assured_test.AssuredTests"/>
  <testcase name="comment" time="1.552" classname="assured1.assured_test.AssuredTests"/>
  <testcase name="user" time="0.178" classname="assured1.assured_test.AssuredTests"/>
</testsuite> <!-- assured1.assured_test.AssuredTests -->
