<?xml version="1.0" encoding="UTF-8"?>
<!-- Generated by org.testng.reporters.JUnitReportReporter -->
<testsuite hostname="MX-IT01127" name="assured1.assured_test.AssuredTests" tests="4" failures="0" timestamp="5 Apr 2018 20:04:05 GMT" time="6.937" errors="0">
  <testcase name="user" time="0.336" classname="assured1.assured_test.AssuredTests"/>
  <testcase name="comment" time="2.101" classname="assured1.assured_test.AssuredTests"/>
  <testcase name="responses200" time="3.532" classname="assured1.assured_test.AssuredTests"/>
  <testcase name="specificdata" time="0.968" classname="assured1.assured_test.AssuredTests"/>
</testsuite> <!-- assured1.assured_test.AssuredTests -->
